# JRE version: Java(TM) SE Runtime Environment (8.0_281-b09) (build 1.8.0_281-b09)
# Java VM: Java HotSpot(TM) 64-Bit Server VM (25.281-b09 mixed mode windows-amd64 compressed oops)
Heap:
 PSYoungGen      total 24576K, used 21321K [0x00000000d5580000, 0x00000000d7a00000, 0x0000000100000000)
  eden space 24064K, 87% used [0x00000000d5580000,0x00000000d69fc730,0x00000000d6d00000)
  from space 512K, 67% used [0x00000000d6d00000,0x00000000d6d55d48,0x00000000d6d80000)
  to   space 6656K, 0% used [0x00000000d7380000,0x00000000d7380000,0x00000000d7a00000)
 ParOldGen       total 87552K, used 10173K [0x0000000080000000, 0x0000000085580000, 0x00000000d5580000)
  object space 87552K, 11% used [0x0000000080000000,0x00000000809ef788,0x0000000085580000)
 Metaspace       used 19102K, capacity 19334K, committed 19584K, reserved 1067008K
  class space    used 2238K, capacity 2329K, committed 2432K, reserved 1048576K
GC Heap History (10 events):
Event: 248.732 GC heap before
{Heap before GC invocations=19 (full 0):
 PSYoungGen      total 34304K, used 26272K [0x00000000d5580000, 0x00000000d8000000, 0x0000000100000000)
  eden space 26112K, 100% used [0x00000000d5580000,0x00000000d6f00000,0x00000000d6f00000)
  from space 8192K, 1% used [0x00000000d7800000,0x00000000d7828010,0x00000000d8000000)
  to   space 8704K, 0% used [0x00000000d6f00000,0x00000000d6f00000,0x00000000d7780000)
 ParOldGen       total 87552K, used 10077K [0x0000000080000000, 0x0000000085580000, 0x00000000d5580000)
  object space 87552K, 11% used [0x0000000080000000,0x00000000809d7758,0x0000000085580000)
 Metaspace       used 18983K, capacity 19240K, committed 19584K, reserved 1067008K
  class space    used 2235K, capacity 2324K, committed 2432K, reserved 1048576K
Event: 248.735 GC heap after
Heap after GC invocations=19 (full 0):
 PSYoungGen      total 26112K, used 160K [0x00000000d5580000, 0x00000000d7e80000, 0x0000000100000000)
  eden space 25600K, 0% used [0x00000000d5580000,0x00000000d5580000,0x00000000d6e80000)
  from space 512K, 31% used [0x00000000d6f00000,0x00000000d6f28010,0x00000000d6f80000)
  to   space 8192K, 0% used [0x00000000d7680000,0x00000000d7680000,0x00000000d7e80000)
 ParOldGen       total 87552K, used 10093K [0x0000000080000000, 0x0000000085580000, 0x00000000d5580000)
  object space 87552K, 11% used [0x0000000080000000,0x00000000809db758,0x0000000085580000)
 Metaspace       used 18983K, capacity 19240K, committed 19584K, reserved 1067008K
  class space    used 2235K, capacity 2324K, committed 2432K, reserved 1048576K
}
Event: 270.879 GC heap before
{Heap before GC invocations=20 (full 0):
 PSYoungGen      total 26112K, used 25373K [0x00000000d5580000, 0x00000000d7e80000, 0x0000000100000000)
  eden space 25600K, 98% used [0x00000000d5580000,0x00000000d6e1f6c8,0x00000000d6e80000)
  from space 512K, 31% used [0x00000000d6f00000,0x00000000d6f28010,0x00000000d6f80000)
  to   space 8192K, 0% used [0x00000000d7680000,0x00000000d7680000,0x00000000d7e80000)
 ParOldGen       total 87552K, used 10093K [0x0000000080000000, 0x0000000085580000, 0x00000000d5580000)
  object space 87552K, 11% used [0x0000000080000000,0x00000000809db758,0x0000000085580000)
 Metaspace       used 19043K, capacity 19334K, committed 19584K, reserved 1067008K
  class space    used 2238K, capacity 2329K, committed 2432K, reserved 1048576K
Event: 270.880 GC heap after
Heap after GC invocations=20 (full 0):
 PSYoungGen      total 31744K, used 695K [0x00000000d5580000, 0x00000000d7d00000, 0x0000000100000000)
  eden space 25088K, 0% used [0x00000000d5580000,0x00000000d5580000,0x00000000d6e00000)
  from space 6656K, 10% used [0x00000000d7680000,0x00000000d772dd48,0x00000000d7d00000)
  to   space 7680K, 0% used [0x00000000d6e00000,0x00000000d6e00000,0x00000000d7580000)
 ParOldGen       total 87552K, used 10101K [0x0000000080000000, 0x0000000085580000, 0x00000000d5580000)
  object space 87552K, 11% used [0x0000000080000000,0x00000000809dd758,0x0000000085580000)
 Metaspace       used 19043K, capacity 19334K, committed 19584K, reserved 1067008K
  class space    used 2238K, capacity 2329K, committed 2432K, reserved 1048576K
}
Event: 280.972 GC heap before
{Heap before GC invocations=21 (full 0):
 PSYoungGen      total 31744K, used 25783K [0x00000000d5580000, 0x00000000d7d00000, 0x0000000100000000)
  eden space 25088K, 100% used [0x00000000d5580000,0x00000000d6e00000,0x00000000d6e00000)
  from space 6656K, 10% used [0x00000000d7680000,0x00000000d772dd48,0x00000000d7d00000)
  to   space 7680K, 0% used [0x00000000d6e00000,0x00000000d6e00000,0x00000000d7580000)
 ParOldGen       total 87552K, used 10101K [0x0000000080000000, 0x0000000085580000, 0x00000000d5580000)
  object space 87552K, 11% used [0x0000000080000000,0x00000000809dd758,0x0000000085580000)
 Metaspace       used 19046K, capacity 19334K, committed 19584K, reserved 1067008K
  class space    used 2238K, capacity 2329K, committed 2432K, reserved 1048576K
Event: 280.975 GC heap after
Heap after GC invocations=21 (full 0):
 PSYoungGen      total 25088K, used 320K [0x00000000d5580000, 0x00000000d7b80000, 0x0000000100000000)
  eden space 24576K, 0% used [0x00000000d5580000,0x00000000d5580000,0x00000000d6d80000)
  from space 512K, 62% used [0x00000000d6e00000,0x00000000d6e50010,0x00000000d6e80000)
  to   space 7168K, 0% used [0x00000000d7480000,0x00000000d7480000,0x00000000d7b80000)
 ParOldGen       total 87552K, used 10157K [0x0000000080000000, 0x0000000085580000, 0x00000000d5580000)
  object space 87552K, 11% used [0x0000000080000000,0x00000000809eb788,0x0000000085580000)
 Metaspace       used 19046K, capacity 19334K, committed 19584K, reserved 1067008K
  class space    used 2238K, capacity 2329K, committed 2432K, reserved 1048576K
}
Event: 294.712 GC heap before
{Heap before GC invocations=22 (full 0):
 PSYoungGen      total 25088K, used 24896K [0x00000000d5580000, 0x00000000d7b80000, 0x0000000100000000)
  eden space 24576K, 100% used [0x00000000d5580000,0x00000000d6d80000,0x00000000d6d80000)
  from space 512K, 62% used [0x00000000d6e00000,0x00000000d6e50010,0x00000000d6e80000)
  to   space 7168K, 0% used [0x00000000d7480000,0x00000000d7480000,0x00000000d7b80000)
 ParOldGen       total 87552K, used 10157K [0x0000000080000000, 0x0000000085580000, 0x00000000d5580000)
  object space 87552K, 11% used [0x0000000080000000,0x00000000809eb788,0x0000000085580000)
 Metaspace       used 19049K, capacity 19334K, committed 19584K, reserved 1067008K
  class space    used 2238K, capacity 2329K, committed 2432K, reserved 1048576K
Event: 294.714 GC heap after
Heap after GC invocations=22 (full 0):
 PSYoungGen      total 30720K, used 128K [0x00000000d5580000, 0x00000000d7b00000, 0x0000000100000000)
  eden space 24064K, 0% used [0x00000000d5580000,0x00000000d5580000,0x00000000d6d00000)
  from space 6656K, 1% used [0x00000000d7480000,0x00000000d74a0010,0x00000000d7b00000)
  to   space 7168K, 0% used [0x00000000d6d00000,0x00000000d6d00000,0x00000000d7400000)
 ParOldGen       total 87552K, used 10165K [0x0000000080000000, 0x0000000085580000, 0x00000000d5580000)
  object space 87552K, 11% used [0x0000000080000000,0x00000000809ed788,0x0000000085580000)
 Metaspace       used 19049K, capacity 19334K, committed 19584K, reserved 1067008K
  class space    used 2238K, capacity 2329K, committed 2432K, reserved 1048576K
}
Event: 304.417 GC heap before
{Heap before GC invocations=23 (full 0):
 PSYoungGen      total 30720K, used 24136K [0x00000000d5580000, 0x00000000d7b00000, 0x0000000100000000)
  eden space 24064K, 99% used [0x00000000d5580000,0x00000000d6cf23d0,0x00000000d6d00000)
  from space 6656K, 1% used [0x00000000d7480000,0x00000000d74a0010,0x00000000d7b00000)
  to   space 7168K, 0% used [0x00000000d6d00000,0x00000000d6d00000,0x00000000d7400000)
 ParOldGen       total 87552K, used 10165K [0x0000000080000000, 0x0000000085580000, 0x00000000d5580000)
  object space 87552K, 11% used [0x0000000080000000,0x00000000809ed788,0x0000000085580000)
 Metaspace       used 19078K, capacity 19334K, committed 19584K, reserved 1067008K
  class space    used 2238K, capacity 2329K, committed 2432K, reserved 1048576K
Event: 304.419 GC heap after
Heap after GC invocations=23 (full 0):
 PSYoungGen      total 24576K, used 343K [0x00000000d5580000, 0x00000000d7a00000, 0x0000000100000000)
  eden space 24064K, 0% used [0x00000000d5580000,0x00000000d5580000,0x00000000d6d00000)
  from space 512K, 67% used [0x00000000d6d00000,0x00000000d6d55d48,0x00000000d6d80000)
  to   space 6656K, 0% used [0x00000000d7380000,0x00000000d7380000,0x00000000d7a00000)
 ParOldGen       total 87552K, used 10173K [0x0000000080000000, 0x0000000085580000, 0x00000000d5580000)
  object space 87552K, 11% used [0x0000000080000000,0x00000000809ef788,0x0000000085580000)
 Metaspace       used 19078K, capacity 19334K, committed 19584K, reserved 1067008K
  class space    used 2238K, capacity 2329K, committed 2432K, reserved 1048576K
}

